This is pdfTeX, Version 3.14159265-2.6-1.40.18 (MiKTeX 2.9.6500 64-bit) (preloaded format=pdflatex 2017.12.15)  3 DEC 2018 05:00
entering extended mode
**./Report.tex
(Report.tex
LaTeX2e <2017-04-15>
Babel <3.15> and hyphenation patterns for 75 language(s) loaded.
("C:\Program Files\MiKTeX 2.9\tex\latex\base\article.cls"
Document Class: article 2014/09/29 v1.4h Standard LaTeX document class
("C:\Program Files\MiKTeX 2.9\tex\latex\base\size12.clo"
File: size12.clo 2014/09/29 v1.4h Standard LaTeX file (size option)
)
\c@part=\count79
\c@section=\count80
\c@subsection=\count81
\c@subsubsection=\count82
\c@paragraph=\count83
\c@subparagraph=\count84
\c@figure=\count85
\c@table=\count86
\abovecaptionskip=\skip41
\belowcaptionskip=\skip42
\bibindent=\dimen102
)
("C:\Program Files\MiKTeX 2.9\tex\latex\amsmath\amsmath.sty"
Package: amsmath 2017/09/02 v2.17a AMS math features
\@mathmargin=\skip43

For additional information on amsmath, use the `?' option.
("C:\Program Files\MiKTeX 2.9\tex\latex\amsmath\amstext.sty"
Package: amstext 2000/06/29 v2.01 AMS text

("C:\Program Files\MiKTeX 2.9\tex\latex\amsmath\amsgen.sty"
File: amsgen.sty 1999/11/30 v2.0 generic functions
\@emptytoks=\toks14
\ex@=\dimen103
))
("C:\Program Files\MiKTeX 2.9\tex\latex\amsmath\amsbsy.sty"
Package: amsbsy 1999/11/29 v1.2d Bold Symbols
\pmbraise@=\dimen104
)
("C:\Program Files\MiKTeX 2.9\tex\latex\amsmath\amsopn.sty"
Package: amsopn 2016/03/08 v2.02 operator names
)
\inf@bad=\count87
LaTeX Info: Redefining \frac on input line 213.
\uproot@=\count88
\leftroot@=\count89
LaTeX Info: Redefining \overline on input line 375.
\classnum@=\count90
\DOTSCASE@=\count91
LaTeX Info: Redefining \ldots on input line 472.
LaTeX Info: Redefining \dots on input line 475.
LaTeX Info: Redefining \cdots on input line 596.
\Mathstrutbox@=\box26
\strutbox@=\box27
\big@size=\dimen105
LaTeX Font Info:    Redeclaring font encoding OML on input line 712.
LaTeX Font Info:    Redeclaring font encoding OMS on input line 713.
\macc@depth=\count92
\c@MaxMatrixCols=\count93
\dotsspace@=\muskip10
\c@parentequation=\count94
\dspbrk@lvl=\count95
\tag@help=\toks15
\row@=\count96
\column@=\count97
\maxfields@=\count98
\andhelp@=\toks16
\eqnshift@=\dimen106
\alignsep@=\dimen107
\tagshift@=\dimen108
\tagwidth@=\dimen109
\totwidth@=\dimen110
\lineht@=\dimen111
\@envbody=\toks17
\multlinegap=\skip44
\multlinetaggap=\skip45
\mathdisplay@stack=\toks18
LaTeX Info: Redefining \[ on input line 2817.
LaTeX Info: Redefining \] on input line 2818.
)
("C:\Program Files\MiKTeX 2.9\tex\latex\amsfonts\amsfonts.sty"
Package: amsfonts 2013/01/14 v3.01 Basic AMSFonts support
\symAMSa=\mathgroup4
\symAMSb=\mathgroup5
LaTeX Font Info:    Overwriting math alphabet `\mathfrak' in version `bold'
(Font)                  U/euf/m/n --> U/euf/b/n on input line 106.
)
("C:\Program Files\MiKTeX 2.9\tex\latex\amsfonts\amssymb.sty"
Package: amssymb 2013/01/14 v3.01 AMS font symbols
)
("C:\Program Files\MiKTeX 2.9\tex\latex\csvsimple\csvsimple.sty"
Package: csvsimple 2016/07/01 version 1.20 LaTeX CSV file processing

("C:\Program Files\MiKTeX 2.9\tex\latex\pgf\utilities\pgfkeys.sty"
("C:\Program Files\MiKTeX 2.9\tex\generic\pgf\utilities\pgfkeys.code.tex"
\pgfkeys@pathtoks=\toks19
\pgfkeys@temptoks=\toks20

("C:\Program Files\MiKTeX 2.9\tex\generic\pgf\utilities\pgfkeysfiltered.code.te
x"
\pgfkeys@tmptoks=\toks21
))) ("C:\Program Files\MiKTeX 2.9\tex\latex\base\ifthen.sty"
Package: ifthen 2014/09/29 v1.1c Standard LaTeX ifthen package (DPC)
)
("C:\Program Files\MiKTeX 2.9\tex\latex\etoolbox\etoolbox.sty"
Package: etoolbox 2017/11/22 v2.5 e-TeX tools for LaTeX (JAW)
\etb@tempcnta=\count99
)
("C:\Program Files\MiKTeX 2.9\tex\latex\tools\shellesc.sty"
Package: shellesc 2016/06/07 v0.02a unified shell escape interface for LaTeX
Package shellesc Info: Restricted shell escape enabled on input line 69.
)
\csv@file=\read1
\c@csvinputline=\count100
\c@csvrow=\count101
\c@csvcol=\count102
\csv@out=\write3
)
("C:\Program Files\MiKTeX 2.9\tex\latex\pgf\frontendlayer\tikz.sty"
("C:\Program Files\MiKTeX 2.9\tex\latex\pgf\basiclayer\pgf.sty"
("C:\Program Files\MiKTeX 2.9\tex\latex\pgf\utilities\pgfrcs.sty"
("C:\Program Files\MiKTeX 2.9\tex\generic\pgf\utilities\pgfutil-common.tex"
\pgfutil@everybye=\toks22
\pgfutil@tempdima=\dimen112
\pgfutil@tempdimb=\dimen113

("C:\Program Files\MiKTeX 2.9\tex\generic\pgf\utilities\pgfutil-common-lists.te
x")) ("C:\Program Files\MiKTeX 2.9\tex\generic\pgf\utilities\pgfutil-latex.def"
\pgfutil@abb=\box28
("C:\Program Files\MiKTeX 2.9\tex\latex\ms\everyshi.sty"
Package: everyshi 2001/05/15 v3.00 EveryShipout Package (MS)
))
("C:\Program Files\MiKTeX 2.9\tex\generic\pgf\utilities\pgfrcs.code.tex"
Package: pgfrcs 2015/08/07 v3.0.1a (rcs-revision 1.31)
))
Package: pgf 2015/08/07 v3.0.1a (rcs-revision 1.15)

("C:\Program Files\MiKTeX 2.9\tex\latex\pgf\basiclayer\pgfcore.sty"
("C:\Program Files\MiKTeX 2.9\tex\latex\graphics\graphicx.sty"
Package: graphicx 2017/06/01 v1.1a Enhanced LaTeX Graphics (DPC,SPQR)

("C:\Program Files\MiKTeX 2.9\tex\latex\graphics\keyval.sty"
Package: keyval 2014/10/28 v1.15 key=value parser (DPC)
\KV@toks@=\toks23
)
("C:\Program Files\MiKTeX 2.9\tex\latex\graphics\graphics.sty"
Package: graphics 2017/06/25 v1.2c Standard LaTeX Graphics (DPC,SPQR)

("C:\Program Files\MiKTeX 2.9\tex\latex\graphics\trig.sty"
Package: trig 2016/01/03 v1.10 sin cos tan (DPC)
)
("C:\Program Files\MiKTeX 2.9\tex\latex\graphics-cfg\graphics.cfg"
File: graphics.cfg 2016/06/04 v1.11 sample graphics configuration
)
Package graphics Info: Driver file: pdftex.def on input line 99.

("C:\Program Files\MiKTeX 2.9\tex\latex\graphics-def\pdftex.def"
File: pdftex.def 2017/06/24 v1.0g Graphics/color driver for pdftex
))
\Gin@req@height=\dimen114
\Gin@req@width=\dimen115
)
("C:\Program Files\MiKTeX 2.9\tex\latex\pgf\systemlayer\pgfsys.sty"
("C:\Program Files\MiKTeX 2.9\tex\generic\pgf\systemlayer\pgfsys.code.tex"
Package: pgfsys 2014/07/09 v3.0.1a (rcs-revision 1.48)

("C:\Program Files\MiKTeX 2.9\tex\generic\pgf\utilities\pgfkeys.code.tex")
\pgf@x=\dimen116
\pgf@y=\dimen117
\pgf@xa=\dimen118
\pgf@ya=\dimen119
\pgf@xb=\dimen120
\pgf@yb=\dimen121
\pgf@xc=\dimen122
\pgf@yc=\dimen123
\w@pgf@writea=\write4
\r@pgf@reada=\read2
\c@pgf@counta=\count103
\c@pgf@countb=\count104
\c@pgf@countc=\count105
\c@pgf@countd=\count106
\t@pgf@toka=\toks24
\t@pgf@tokb=\toks25
\t@pgf@tokc=\toks26

("C:\Program Files\MiKTeX 2.9\tex\generic\pgf\systemlayer\pgf.cfg"
File: pgf.cfg 2008/05/14  (rcs-revision 1.7)
)
Driver file for pgf: pgfsys-pdftex.def

("C:\Program Files\MiKTeX 2.9\tex\generic\pgf\systemlayer\pgfsys-pdftex.def"
File: pgfsys-pdftex.def 2014/10/11  (rcs-revision 1.35)

("C:\Program Files\MiKTeX 2.9\tex\generic\pgf\systemlayer\pgfsys-common-pdf.def
"
File: pgfsys-common-pdf.def 2013/10/10  (rcs-revision 1.13)
)))
("C:\Program Files\MiKTeX 2.9\tex\generic\pgf\systemlayer\pgfsyssoftpath.code.t
ex"
File: pgfsyssoftpath.code.tex 2013/09/09  (rcs-revision 1.9)
\pgfsyssoftpath@smallbuffer@items=\count107
\pgfsyssoftpath@bigbuffer@items=\count108
)
("C:\Program Files\MiKTeX 2.9\tex\generic\pgf\systemlayer\pgfsysprotocol.code.t
ex"
File: pgfsysprotocol.code.tex 2006/10/16  (rcs-revision 1.4)
)) ("C:\Program Files\MiKTeX 2.9\tex\latex\xcolor\xcolor.sty"
Package: xcolor 2016/05/11 v2.12 LaTeX color extensions (UK)

("C:\Program Files\MiKTeX 2.9\tex\latex\graphics-cfg\color.cfg"
File: color.cfg 2016/01/02 v1.6 sample color configuration
)
Package xcolor Info: Driver file: pdftex.def on input line 225.
Package xcolor Info: Model `cmy' substituted by `cmy0' on input line 1348.
Package xcolor Info: Model `hsb' substituted by `rgb' on input line 1352.
Package xcolor Info: Model `RGB' extended on input line 1364.
Package xcolor Info: Model `HTML' substituted by `rgb' on input line 1366.
Package xcolor Info: Model `Hsb' substituted by `hsb' on input line 1367.
Package xcolor Info: Model `tHsb' substituted by `hsb' on input line 1368.
Package xcolor Info: Model `HSB' substituted by `hsb' on input line 1369.
Package xcolor Info: Model `Gray' substituted by `gray' on input line 1370.
Package xcolor Info: Model `wave' substituted by `hsb' on input line 1371.
)
("C:\Program Files\MiKTeX 2.9\tex\generic\pgf\basiclayer\pgfcore.code.tex"
Package: pgfcore 2010/04/11 v3.0.1a (rcs-revision 1.7)

("C:\Program Files\MiKTeX 2.9\tex\generic\pgf\math\pgfmath.code.tex"
("C:\Program Files\MiKTeX 2.9\tex\generic\pgf\math\pgfmathcalc.code.tex"
("C:\Program Files\MiKTeX 2.9\tex\generic\pgf\math\pgfmathutil.code.tex")
("C:\Program Files\MiKTeX 2.9\tex\generic\pgf\math\pgfmathparser.code.tex"
\pgfmath@dimen=\dimen124
\pgfmath@count=\count109
\pgfmath@box=\box29
\pgfmath@toks=\toks27
\pgfmath@stack@operand=\toks28
\pgfmath@stack@operation=\toks29
)
("C:\Program Files\MiKTeX 2.9\tex\generic\pgf\math\pgfmathfunctions.code.tex"
("C:\Program Files\MiKTeX 2.9\tex\generic\pgf\math\pgfmathfunctions.basic.code.
tex")
("C:\Program Files\MiKTeX 2.9\tex\generic\pgf\math\pgfmathfunctions.trigonometr
ic.code.tex")
("C:\Program Files\MiKTeX 2.9\tex\generic\pgf\math\pgfmathfunctions.random.code
.tex")
("C:\Program Files\MiKTeX 2.9\tex\generic\pgf\math\pgfmathfunctions.comparison.
code.tex")
("C:\Program Files\MiKTeX 2.9\tex\generic\pgf\math\pgfmathfunctions.base.code.t
ex")
("C:\Program Files\MiKTeX 2.9\tex\generic\pgf\math\pgfmathfunctions.round.code.
tex")
("C:\Program Files\MiKTeX 2.9\tex\generic\pgf\math\pgfmathfunctions.misc.code.t
ex")
("C:\Program Files\MiKTeX 2.9\tex\generic\pgf\math\pgfmathfunctions.integerarit
hmetics.code.tex")))
("C:\Program Files\MiKTeX 2.9\tex\generic\pgf\math\pgfmathfloat.code.tex"
\c@pgfmathroundto@lastzeros=\count110
))
("C:\Program Files\MiKTeX 2.9\tex\generic\pgf\basiclayer\pgfcorepoints.code.tex
"
File: pgfcorepoints.code.tex 2013/10/07  (rcs-revision 1.27)
\pgf@picminx=\dimen125
\pgf@picmaxx=\dimen126
\pgf@picminy=\dimen127
\pgf@picmaxy=\dimen128
\pgf@pathminx=\dimen129
\pgf@pathmaxx=\dimen130
\pgf@pathminy=\dimen131
\pgf@pathmaxy=\dimen132
\pgf@xx=\dimen133
\pgf@xy=\dimen134
\pgf@yx=\dimen135
\pgf@yy=\dimen136
\pgf@zx=\dimen137
\pgf@zy=\dimen138
)
("C:\Program Files\MiKTeX 2.9\tex\generic\pgf\basiclayer\pgfcorepathconstruct.c
ode.tex"
File: pgfcorepathconstruct.code.tex 2013/10/07  (rcs-revision 1.29)
\pgf@path@lastx=\dimen139
\pgf@path@lasty=\dimen140
)
("C:\Program Files\MiKTeX 2.9\tex\generic\pgf\basiclayer\pgfcorepathusage.code.
tex"
File: pgfcorepathusage.code.tex 2014/11/02  (rcs-revision 1.24)
\pgf@shorten@end@additional=\dimen141
\pgf@shorten@start@additional=\dimen142
)
("C:\Program Files\MiKTeX 2.9\tex\generic\pgf\basiclayer\pgfcorescopes.code.tex
"
File: pgfcorescopes.code.tex 2015/05/08  (rcs-revision 1.46)
\pgfpic=\box30
\pgf@hbox=\box31
\pgf@layerbox@main=\box32
\pgf@picture@serial@count=\count111
)
("C:\Program Files\MiKTeX 2.9\tex\generic\pgf\basiclayer\pgfcoregraphicstate.co
de.tex"
File: pgfcoregraphicstate.code.tex 2014/11/02  (rcs-revision 1.12)
\pgflinewidth=\dimen143
)
("C:\Program Files\MiKTeX 2.9\tex\generic\pgf\basiclayer\pgfcoretransformations
.code.tex"
File: pgfcoretransformations.code.tex 2015/08/07  (rcs-revision 1.20)
\pgf@pt@x=\dimen144
\pgf@pt@y=\dimen145
\pgf@pt@temp=\dimen146
)
("C:\Program Files\MiKTeX 2.9\tex\generic\pgf\basiclayer\pgfcorequick.code.tex"
File: pgfcorequick.code.tex 2008/10/09  (rcs-revision 1.3)
)
("C:\Program Files\MiKTeX 2.9\tex\generic\pgf\basiclayer\pgfcoreobjects.code.te
x"
File: pgfcoreobjects.code.tex 2006/10/11  (rcs-revision 1.2)
)
("C:\Program Files\MiKTeX 2.9\tex\generic\pgf\basiclayer\pgfcorepathprocessing.
code.tex"
File: pgfcorepathprocessing.code.tex 2013/09/09  (rcs-revision 1.9)
)
("C:\Program Files\MiKTeX 2.9\tex\generic\pgf\basiclayer\pgfcorearrows.code.tex
"
File: pgfcorearrows.code.tex 2015/05/14  (rcs-revision 1.43)
\pgfarrowsep=\dimen147
)
("C:\Program Files\MiKTeX 2.9\tex\generic\pgf\basiclayer\pgfcoreshade.code.tex"
File: pgfcoreshade.code.tex 2013/07/15  (rcs-revision 1.15)
\pgf@max=\dimen148
\pgf@sys@shading@range@num=\count112
) ("C:\Program Files\MiKTeX 2.9\tex\generic\pgf\basiclayer\pgfcoreimage.code.te
x"
File: pgfcoreimage.code.tex 2013/07/15  (rcs-revision 1.18)

("C:\Program Files\MiKTeX 2.9\tex\generic\pgf\basiclayer\pgfcoreexternal.code.t
ex"
File: pgfcoreexternal.code.tex 2014/07/09  (rcs-revision 1.21)
\pgfexternal@startupbox=\box33
))
("C:\Program Files\MiKTeX 2.9\tex\generic\pgf\basiclayer\pgfcorelayers.code.tex
"
File: pgfcorelayers.code.tex 2013/07/18  (rcs-revision 1.7)
)
("C:\Program Files\MiKTeX 2.9\tex\generic\pgf\basiclayer\pgfcoretransparency.co
de.tex"
File: pgfcoretransparency.code.tex 2013/09/30  (rcs-revision 1.5)
)
("C:\Program Files\MiKTeX 2.9\tex\generic\pgf\basiclayer\pgfcorepatterns.code.t
ex"
File: pgfcorepatterns.code.tex 2013/11/07  (rcs-revision 1.5)
)))
("C:\Program Files\MiKTeX 2.9\tex\generic\pgf\modules\pgfmoduleshapes.code.tex"
File: pgfmoduleshapes.code.tex 2014/03/21  (rcs-revision 1.35)
\pgfnodeparttextbox=\box34
) ("C:\Program Files\MiKTeX 2.9\tex\generic\pgf\modules\pgfmoduleplot.code.tex"
File: pgfmoduleplot.code.tex 2015/08/03  (rcs-revision 1.13)
)
("C:\Program Files\MiKTeX 2.9\tex\latex\pgf\compatibility\pgfcomp-version-0-65.
sty"
Package: pgfcomp-version-0-65 2007/07/03 v3.0.1a (rcs-revision 1.7)
\pgf@nodesepstart=\dimen149
\pgf@nodesepend=\dimen150
)
("C:\Program Files\MiKTeX 2.9\tex\latex\pgf\compatibility\pgfcomp-version-1-18.
sty"
Package: pgfcomp-version-1-18 2007/07/23 v3.0.1a (rcs-revision 1.1)
)) ("C:\Program Files\MiKTeX 2.9\tex\latex\pgf\utilities\pgffor.sty"
("C:\Program Files\MiKTeX 2.9\tex\latex\pgf\math\pgfmath.sty"
("C:\Program Files\MiKTeX 2.9\tex\generic\pgf\math\pgfmath.code.tex"))
("C:\Program Files\MiKTeX 2.9\tex\generic\pgf\utilities\pgffor.code.tex"
Package: pgffor 2013/12/13 v3.0.1a (rcs-revision 1.25)

("C:\Program Files\MiKTeX 2.9\tex\generic\pgf\math\pgfmath.code.tex")
\pgffor@iter=\dimen151
\pgffor@skip=\dimen152
\pgffor@stack=\toks30
\pgffor@toks=\toks31
))
("C:\Program Files\MiKTeX 2.9\tex\generic\pgf\frontendlayer\tikz\tikz.code.tex"
Package: tikz 2015/08/07 v3.0.1a (rcs-revision 1.151)

("C:\Program Files\MiKTeX 2.9\tex\generic\pgf\libraries\pgflibraryplothandlers.
code.tex"
File: pgflibraryplothandlers.code.tex 2013/08/31 v3.0.1a (rcs-revision 1.20)
\pgf@plot@mark@count=\count113
\pgfplotmarksize=\dimen153
)
\tikz@lastx=\dimen154
\tikz@lasty=\dimen155
\tikz@lastxsaved=\dimen156
\tikz@lastysaved=\dimen157
\tikzleveldistance=\dimen158
\tikzsiblingdistance=\dimen159
\tikz@figbox=\box35
\tikz@figbox@bg=\box36
\tikz@tempbox=\box37
\tikz@tempbox@bg=\box38
\tikztreelevel=\count114
\tikznumberofchildren=\count115
\tikznumberofcurrentchild=\count116
\tikz@fig@count=\count117

("C:\Program Files\MiKTeX 2.9\tex\generic\pgf\modules\pgfmodulematrix.code.tex"
File: pgfmodulematrix.code.tex 2013/09/17  (rcs-revision 1.8)
\pgfmatrixcurrentrow=\count118
\pgfmatrixcurrentcolumn=\count119
\pgf@matrix@numberofcolumns=\count120
)
\tikz@expandcount=\count121

("C:\Program Files\MiKTeX 2.9\tex\generic\pgf\frontendlayer\tikz\libraries\tikz
librarytopaths.code.tex"
File: tikzlibrarytopaths.code.tex 2008/06/17 v3.0.1a (rcs-revision 1.2)
)))
("C:\Program Files\MiKTeX 2.9\tex\latex\pgfplots\pgfplots.sty"
("C:\Program Files\MiKTeX 2.9\tex\generic\pgfplots\pgfplots.revision.tex")
Package: pgfplots 2017/06/05 v1.15 Data Visualization (1.15)

("C:\Program Files\MiKTeX 2.9\tex\generic\pgfplots\pgfplots.code.tex"
("C:\Program Files\MiKTeX 2.9\tex\generic\pgfplots\pgfplotscore.code.tex"
\t@pgfplots@toka=\toks32
\t@pgfplots@tokb=\toks33
\t@pgfplots@tokc=\toks34
\pgfplots@tmpa=\dimen160
\c@pgfplots@coordindex=\count122
\c@pgfplots@scanlineindex=\count123

("C:\Program Files\MiKTeX 2.9\tex\generic\pgfplots\sys\pgfplotssysgeneric.code.
tex"))
("C:\Program Files\MiKTeX 2.9\tex\generic\pgfplots\libs\pgfplotslibrary.code.te
x")
("C:\Program Files\MiKTeX 2.9\tex\generic\pgfplots\oldpgfcompatib\pgfplotsoldpg
fsupp_loader.code.tex"
("C:\Program Files\MiKTeX 2.9\tex\generic\pgf\libraries\pgflibraryfpu.code.tex"
)
Package pgfplots: loading complementary arithmetics for your pgf version...

("C:\Program Files\MiKTeX 2.9\tex\generic\pgfplots\oldpgfcompatib\pgfplotsoldpg
fsupp_pgflibraryfpu.code.tex")
("C:\Program Files\MiKTeX 2.9\tex\generic\pgfplots\oldpgfcompatib\pgfplotsoldpg
fsupp_pgfmathfloat.code.tex"
\c@pgfmathroundto@lastzeros=\count124
))
("C:\Program Files\MiKTeX 2.9\tex\generic\pgfplots\util\pgfplotsutil.code.tex"
("C:\Program Files\MiKTeX 2.9\tex\generic\pgfplots\liststructure\pgfplotslistst
ructure.code.tex")
("C:\Program Files\MiKTeX 2.9\tex\generic\pgfplots\liststructure\pgfplotslistst
ructureext.code.tex")
("C:\Program Files\MiKTeX 2.9\tex\generic\pgfplots\liststructure\pgfplotsarray.
code.tex"
\c@pgfplotsarray@tmp=\count125
)
("C:\Program Files\MiKTeX 2.9\tex\generic\pgfplots\liststructure\pgfplotsmatrix
.code.tex")
("C:\Program Files\MiKTeX 2.9\tex\generic\pgfplots\numtable\pgfplotstableshared
.code.tex"
\c@pgfplotstable@counta=\count126
\t@pgfplotstable@a=\toks35
)
("C:\Program Files\MiKTeX 2.9\tex\generic\pgfplots\liststructure\pgfplotsdeque.
code.tex")
("C:\Program Files\MiKTeX 2.9\tex\generic\pgfplots\util\pgfplotsbinary.code.tex
"
("C:\Program Files\MiKTeX 2.9\tex\generic\pgfplots\util\pgfplotsbinary.data.cod
e.tex"))
("C:\Program Files\MiKTeX 2.9\tex\generic\pgfplots\util\pgfplotsutil.verb.code.
tex")
("C:\Program Files\MiKTeX 2.9\tex\generic\pgfplots\libs\pgflibrarypgfplots.surf
shading.code.tex"
\c@pgfplotslibrarysurf@no=\count127

("C:\Program Files\MiKTeX 2.9\tex\generic\pgfplots\sys\pgflibrarypgfplots.surfs
hading.pgfsys-pdftex.def")))
("C:\Program Files\MiKTeX 2.9\tex\generic\pgfplots\util\pgfplotscolormap.code.t
ex"
("C:\Program Files\MiKTeX 2.9\tex\generic\pgfplots\util\pgfplotscolor.code.tex"
))
("C:\Program Files\MiKTeX 2.9\tex\generic\pgfplots\pgfplotsstackedplots.code.te
x")
("C:\Program Files\MiKTeX 2.9\tex\generic\pgfplots\pgfplotsplothandlers.code.te
x"
("C:\Program Files\MiKTeX 2.9\tex\generic\pgfplots\pgfplotsmeshplothandler.code
.tex"
("C:\Program Files\MiKTeX 2.9\tex\generic\pgfplots\pgfplotsmeshplotimage.code.t
ex")))
("C:\Program Files\MiKTeX 2.9\tex\generic\pgfplots\pgfplots.scaling.code.tex")
("C:\Program Files\MiKTeX 2.9\tex\generic\pgfplots\pgfplotscoordprocessing.code
.tex")
("C:\Program Files\MiKTeX 2.9\tex\generic\pgfplots\pgfplots.errorbars.code.tex"
) ("C:\Program Files\MiKTeX 2.9\tex\generic\pgfplots\pgfplots.markers.code.tex"
) ("C:\Program Files\MiKTeX 2.9\tex\generic\pgfplots\pgfplotsticks.code.tex")
("C:\Program Files\MiKTeX 2.9\tex\generic\pgfplots\pgfplots.paths.code.tex")
("C:\Program Files\MiKTeX 2.9\tex\generic\pgf\frontendlayer\tikz\libraries\tikz
librarydecorations.code.tex"
("C:\Program Files\MiKTeX 2.9\tex\generic\pgf\modules\pgfmoduledecorations.code
.tex"
\pgfdecoratedcompleteddistance=\dimen161
\pgfdecoratedremainingdistance=\dimen162
\pgfdecoratedinputsegmentcompleteddistance=\dimen163
\pgfdecoratedinputsegmentremainingdistance=\dimen164
\pgf@decorate@distancetomove=\dimen165
\pgf@decorate@repeatstate=\count128
\pgfdecorationsegmentamplitude=\dimen166
\pgfdecorationsegmentlength=\dimen167
)
\tikz@lib@dec@box=\box39
)
("C:\Program Files\MiKTeX 2.9\tex\generic\pgf\frontendlayer\tikz\libraries\tikz
librarydecorations.pathmorphing.code.tex"
("C:\Program Files\MiKTeX 2.9\tex\generic\pgf\libraries\decorations\pgflibraryd
ecorations.pathmorphing.code.tex"))
("C:\Program Files\MiKTeX 2.9\tex\generic\pgf\frontendlayer\tikz\libraries\tikz
librarydecorations.pathreplacing.code.tex"
("C:\Program Files\MiKTeX 2.9\tex\generic\pgf\libraries\decorations\pgflibraryd
ecorations.pathreplacing.code.tex"))
\pgfplots@numplots=\count129
\pgfplots@xmin@reg=\dimen168
\pgfplots@xmax@reg=\dimen169
\pgfplots@ymin@reg=\dimen170
\pgfplots@ymax@reg=\dimen171
\pgfplots@zmin@reg=\dimen172
\pgfplots@zmax@reg=\dimen173
)
("C:\Program Files\MiKTeX 2.9\tex\generic\pgf\frontendlayer\tikz\libraries\tikz
libraryplotmarks.code.tex"
File: tikzlibraryplotmarks.code.tex 2008/01/09 v3.0.1a (rcs-revision 1.1)

("C:\Program Files\MiKTeX 2.9\tex\generic\pgf\libraries\pgflibraryplotmarks.cod
e.tex"
File: pgflibraryplotmarks.code.tex 2015/08/03 v3.0.1a (rcs-revision 1.14)
))) ("C:\Program Files\MiKTeX 2.9\tex\latex\cmap\cmap.sty"
Package: cmap 2008/03/06 v1.0h CMap support: searchable PDF
)
("C:\Program Files\MiKTeX 2.9\tex\latex\base\inputenc.sty"
Package: inputenc 2015/03/17 v1.2c Input encoding file
\inpenc@prehook=\toks36
\inpenc@posthook=\toks37

("C:\Program Files\MiKTeX 2.9\tex\latex\ucs\utf8x.def"
File: utf8x.def 2004/10/17 UCS: Input encoding UTF-8
))
("C:\Program Files\MiKTeX 2.9\tex\latex\ucs\ucs.sty"
Package: ucs 2013/05/11 v2.2 UCS: Unicode input support

("C:\Program Files\MiKTeX 2.9\tex\latex\ucs\uni-global.def"
File: uni-global.def 2013/05/13 UCS: Unicode global data
)
\uc@secondtry=\count130
\uc@combtoks=\toks38
\uc@combtoksb=\toks39
\uc@temptokena=\toks40
)
("C:\Program Files\MiKTeX 2.9\tex\generic\babel\babel.sty"
Package: babel 2017/11/03 3.15 The Babel package

("C:\Program Files\MiKTeX 2.9\tex\generic\babel\switch.def"
File: switch.def 2017/11/03 3.15 Babel switching mechanism
)
*************************************
* Local config file bblopts.cfg used
*
("C:\Program Files\MiKTeX 2.9\tex\latex\arabi\bblopts.cfg"
File: bblopts.cfg 2005/09/08 v0.1 add Arabic and Farsi to "declared" options of
 babel
)
("C:\Program Files\MiKTeX 2.9\tex\latex\babel-english\english.ldf"
Language: english 2017/06/06 v3.3r English support from the babel system

("C:\Program Files\MiKTeX 2.9\tex\generic\babel\babel.def"
File: babel.def 2017/11/03 3.15 Babel common definitions

("C:\Program Files\MiKTeX 2.9\tex\generic\babel\switch.def"
File: switch.def 2017/11/03 3.15 Babel switching mechanism
)
\babel@savecnt=\count131
\U@D=\dimen174
)
\l@canadian = a dialect from \language\l@american 
\l@australian = a dialect from \language\l@british 
\l@newzealand = a dialect from \language\l@british 
)
("C:\Program Files\MiKTeX 2.9\tex\latex\babel-russian\russianb.ldf"
Language: russian 2017/08/12 1.3j Russian support for the Babel system


Package babel Warning: No Cyrillic font encoding has been loaded so far.
(babel)                A font encoding should be declared before babel.
(babel)                Default `T2A' encoding will be loaded  on input line 74.


("C:\Program Files\MiKTeX 2.9\tex\latex\cyrillic\t2aenc.def"
File: t2aenc.def 2005/09/27 v1.0i Cyrillic encoding definition file
)
Package babel Info: Making " an active character on input line 120.
Package babel Info: Default for \cyrdash is provided on input line 157.
))
("C:\Program Files\MiKTeX 2.9\tex\latex\base\fontenc.sty"
Package: fontenc 2017/04/05 v2.0i Standard LaTeX package

("C:\Program Files\MiKTeX 2.9\tex\latex\cyrillic\t2aenc.def"
File: t2aenc.def 2005/09/27 v1.0i Cyrillic encoding definition file
LaTeX Font Info:    Redeclaring font encoding T2A on input line 42.
)
LaTeX Font Info:    Try loading font information for T2A+cmr on input line 105.


("C:\Program Files\MiKTeX 2.9\tex\latex\cyrillic\t2acmr.fd"
File: t2acmr.fd 2001/08/11 v1.0a Computer Modern Cyrillic font definitions
)<<t2a.cmap>>)
("C:\Program Files\MiKTeX 2.9\tex\latex\geometry\geometry.sty"
Package: geometry 2010/09/12 v5.6 Page Geometry

("C:\Program Files\MiKTeX 2.9\tex\generic\oberdiek\ifpdf.sty"
Package: ifpdf 2017/03/15 v3.2 Provides the ifpdf switch
)
("C:\Program Files\MiKTeX 2.9\tex\generic\oberdiek\ifvtex.sty"
Package: ifvtex 2016/05/16 v1.6 Detect VTeX and its facilities (HO)
Package ifvtex Info: VTeX not detected.
)
("C:\Program Files\MiKTeX 2.9\tex\generic\ifxetex\ifxetex.sty"
Package: ifxetex 2010/09/12 v0.6 Provides ifxetex conditional
)
\Gm@cnth=\count132
\Gm@cntv=\count133
\c@Gm@tempcnt=\count134
\Gm@bindingoffset=\dimen175
\Gm@wd@mp=\dimen176
\Gm@odd@mp=\dimen177
\Gm@even@mp=\dimen178
\Gm@layoutwidth=\dimen179
\Gm@layoutheight=\dimen180
\Gm@layouthoffset=\dimen181
\Gm@layoutvoffset=\dimen182
\Gm@dimlist=\toks41

("C:\Program Files\MiKTeX 2.9\tex\latex\geometry\geometry.cfg"))
("C:\Program Files\MiKTeX 2.9\tex\latex\tools\indentfirst.sty"
Package: indentfirst 1995/11/23 v1.03 Indent first paragraph (DPC)
)
("C:\Program Files\MiKTeX 2.9\tex\latex\fancyvrb\fancyvrb.sty"
Package: fancyvrb 2008/02/07

Style option: `fancyvrb' v2.7a, with DG/SPQR fixes, and firstline=lastline fix 
<2008/02/07> (tvz)
\FV@CodeLineNo=\count135
\FV@InFile=\read3
\FV@TabBox=\box40
\c@FancyVerbLine=\count136
\FV@StepNumber=\count137
\FV@OutFile=\write5
)
("C:\Program Files\MiKTeX 2.9\tex\latex\listings\listings.sty"
\lst@mode=\count138
\lst@gtempboxa=\box41
\lst@token=\toks42
\lst@length=\count139
\lst@currlwidth=\dimen183
\lst@column=\count140
\lst@pos=\count141
\lst@lostspace=\dimen184
\lst@width=\dimen185
\lst@newlines=\count142
\lst@lineno=\count143
\lst@maxwidth=\dimen186

("C:\Program Files\MiKTeX 2.9\tex\latex\listings\lstmisc.sty"
File: lstmisc.sty 2015/06/04 1.6 (Carsten Heinz)
\c@lstnumber=\count144
\lst@skipnumbers=\count145
\lst@framebox=\box42
)
("C:\Program Files\MiKTeX 2.9\tex\latex\listings\listings.cfg"
File: listings.cfg 2015/06/04 1.6 listings configuration
))
Package: listings 2015/06/04 1.6 (Carsten Heinz)

("C:\Program Files\MiKTeX 2.9\tex\latex\algorithms\algorithm.sty"
Package: algorithm 2009/08/24 v0.1 Document Style `algorithm' - floating enviro
nment

("C:\Program Files\MiKTeX 2.9\tex\latex\float\float.sty"
Package: float 2001/11/08 v1.3d Float enhancements (AL)
\c@float@type=\count146
\float@exts=\toks43
\float@box=\box43
\@float@everytoks=\toks44
\@floatcapt=\box44
)
\@float@every@algorithm=\toks45
\c@algorithm=\count147
)
("C:\Program Files\MiKTeX 2.9\tex\latex\algorithmicx\algpseudocode.sty"
Package: algpseudocode 

("C:\Program Files\MiKTeX 2.9\tex\latex\algorithmicx\algorithmicx.sty"
Package: algorithmicx 2005/04/27 v1.2 Algorithmicx

Document Style algorithmicx 1.2 - a greatly improved `algorithmic' style
\c@ALG@line=\count148
\c@ALG@rem=\count149
\c@ALG@nested=\count150
\ALG@tlm=\skip46
\ALG@thistlm=\skip47
\c@ALG@Lnr=\count151
\c@ALG@blocknr=\count152
\c@ALG@storecount=\count153
\c@ALG@tmpcounter=\count154
\ALG@tmplength=\skip48
)
Document Style - pseudocode environments for use with the `algorithmicx' style
) ("C:\Program Files\MiKTeX 2.9\tex\latex\tools\bm.sty"
Package: bm 2017/01/16 v1.2c Bold Symbol Support (DPC/FMi)
\symboldoperators=\mathgroup6
\symboldletters=\mathgroup7
\symboldsymbols=\mathgroup8
LaTeX Font Info:    Redeclaring math alphabet \mathbf on input line 141.
LaTeX Info: Redefining \bm on input line 207.
)
("C:\Program Files\MiKTeX 2.9\tex\latex\hyperref\hyperref.sty"
Package: hyperref 2017/03/14 v6.85a Hypertext links for LaTeX

("C:\Program Files\MiKTeX 2.9\tex\generic\oberdiek\hobsub-hyperref.sty"
Package: hobsub-hyperref 2016/05/16 v1.14 Bundle oberdiek, subset hyperref (HO)


("C:\Program Files\MiKTeX 2.9\tex\generic\oberdiek\hobsub-generic.sty"
Package: hobsub-generic 2016/05/16 v1.14 Bundle oberdiek, subset generic (HO)
Package: hobsub 2016/05/16 v1.14 Construct package bundles (HO)
Package: infwarerr 2016/05/16 v1.4 Providing info/warning/error messages (HO)
Package: ltxcmds 2016/05/16 v1.23 LaTeX kernel commands for general use (HO)
Package: ifluatex 2016/05/16 v1.4 Provides the ifluatex switch (HO)
Package ifluatex Info: LuaTeX not detected.
Package hobsub Info: Skipping package `ifvtex' (already loaded).
Package: intcalc 2016/05/16 v1.2 Expandable calculations with integers (HO)
Package hobsub Info: Skipping package `ifpdf' (already loaded).
Package: etexcmds 2016/05/16 v1.6 Avoid name clashes with e-TeX commands (HO)
Package etexcmds Info: Could not find \expanded.
(etexcmds)             That can mean that you are not using pdfTeX 1.50 or
(etexcmds)             that some package has redefined \expanded.
(etexcmds)             In the latter case, load this package earlier.
Package: kvsetkeys 2016/05/16 v1.17 Key value parser (HO)
Package: kvdefinekeys 2016/05/16 v1.4 Define keys (HO)
Package: pdftexcmds 2017/03/19 v0.25 Utility functions of pdfTeX for LuaTeX (HO
)
Package pdftexcmds Info: LuaTeX not detected.
Package pdftexcmds Info: \pdf@primitive is available.
Package pdftexcmds Info: \pdf@ifprimitive is available.
Package pdftexcmds Info: \pdfdraftmode found.
Package: pdfescape 2016/05/16 v1.14 Implements pdfTeX's escape features (HO)
Package: bigintcalc 2016/05/16 v1.4 Expandable calculations on big integers (HO
)
Package: bitset 2016/05/16 v1.2 Handle bit-vector datatype (HO)
Package: uniquecounter 2016/05/16 v1.3 Provide unlimited unique counter (HO)
)
Package hobsub Info: Skipping package `hobsub' (already loaded).
Package: letltxmacro 2016/05/16 v1.5 Let assignment for LaTeX macros (HO)
Package: hopatch 2016/05/16 v1.3 Wrapper for package hooks (HO)
Package: xcolor-patch 2016/05/16 xcolor patch
Package: atveryend 2016/05/16 v1.9 Hooks at the very end of document (HO)
Package: atbegshi 2016/06/09 v1.18 At begin shipout hook (HO)
Package: refcount 2016/05/16 v3.5 Data extraction from label references (HO)
Package: hycolor 2016/05/16 v1.8 Color options for hyperref/bookmark (HO)
)
("C:\Program Files\MiKTeX 2.9\tex\latex\oberdiek\auxhook.sty"
Package: auxhook 2016/05/16 v1.4 Hooks for auxiliary files (HO)
)
("C:\Program Files\MiKTeX 2.9\tex\latex\oberdiek\kvoptions.sty"
Package: kvoptions 2016/05/16 v3.12 Key value format for package options (HO)
)
\@linkdim=\dimen187
\Hy@linkcounter=\count155
\Hy@pagecounter=\count156

("C:\Program Files\MiKTeX 2.9\tex\latex\hyperref\pd1enc.def"
File: pd1enc.def 2017/03/14 v6.85a Hyperref: PDFDocEncoding definition (HO)
)
\Hy@SavedSpaceFactor=\count157
Package hyperref Info: Option `unicode' set `true' on input line 3453.

("C:\Program Files\MiKTeX 2.9\tex\latex\hyperref\puenc.def"
File: puenc.def 2017/03/14 v6.85a Hyperref: PDF Unicode definition (HO)
)
("C:\Program Files\MiKTeX 2.9\tex\latex\00miktex\hyperref.cfg"
File: hyperref.cfg 2002/06/06 v1.2 hyperref configuration of TeXLive
)
Package hyperref Info: Hyper figures OFF on input line 4498.
Package hyperref Info: Link nesting OFF on input line 4503.
Package hyperref Info: Hyper index ON on input line 4506.
Package hyperref Info: Plain pages OFF on input line 4513.
Package hyperref Info: Backreferencing OFF on input line 4518.
Package hyperref Info: Implicit mode ON; LaTeX internals redefined.
Package hyperref Info: Bookmarks ON on input line 4751.
\c@Hy@tempcnt=\count158

("C:\Program Files\MiKTeX 2.9\tex\latex\url\url.sty"
\Urlmuskip=\muskip11
Package: url 2013/09/16  ver 3.4  Verb mode for urls, etc.
)
LaTeX Info: Redefining \url on input line 5104.
\XeTeXLinkMargin=\dimen188
\Fld@menulength=\count159
\Field@Width=\dimen189
\Fld@charsize=\dimen190
Package hyperref Info: Hyper figures OFF on input line 6358.
Package hyperref Info: Link nesting OFF on input line 6363.
Package hyperref Info: Hyper index ON on input line 6366.
Package hyperref Info: backreferencing OFF on input line 6373.
Package hyperref Info: Link coloring OFF on input line 6378.
Package hyperref Info: Link coloring with OCG OFF on input line 6383.
Package hyperref Info: PDF/A mode OFF on input line 6388.
LaTeX Info: Redefining \ref on input line 6428.
LaTeX Info: Redefining \pageref on input line 6432.
\Hy@abspage=\count160
\c@Item=\count161
\c@Hfootnote=\count162
)

Package hyperref Message: Driver (autodetected): hpdftex.

("C:\Program Files\MiKTeX 2.9\tex\latex\hyperref\hpdftex.def"
File: hpdftex.def 2017/03/14 v6.85a Hyperref driver for pdfTeX
\Fld@listcount=\count163
\c@bookmark@seq@number=\count164

("C:\Program Files\MiKTeX 2.9\tex\latex\oberdiek\rerunfilecheck.sty"
Package: rerunfilecheck 2016/05/16 v1.8 Rerun checks for auxiliary files (HO)
Package uniquecounter Info: New unique counter `rerunfilecheck' on input line 2
82.
)
\Hy@SectionHShift=\skip49
)
("C:\Program Files\MiKTeX 2.9\tex\generic\pgf\frontendlayer\tikz\libraries\tikz
librarycalc.code.tex"
File: tikzlibrarycalc.code.tex 2013/07/15 v3.0.1a (rcs-revision 1.9)
)
("C:\Program Files\MiKTeX 2.9\tex\latex\listings\lstlang1.sty"
File: lstlang1.sty 2015/06/04 1.6 listings language file
)
("C:\Program Files\MiKTeX 2.9\tex\latex\listings\lstlang1.sty"
File: lstlang1.sty 2015/06/04 1.6 listings language file
)
("C:\Program Files\MiKTeX 2.9\tex\latex\listings\lstmisc.sty"
File: lstmisc.sty 2015/06/04 1.6 (Carsten Heinz)
)

LaTeX Warning: Unused global option(s):
    [finall].

(Report.aux)
\openout1 = `Report.aux'.

LaTeX Font Info:    Checking defaults for OML/cmm/m/it on input line 62.
LaTeX Font Info:    ... okay on input line 62.
LaTeX Font Info:    Checking defaults for T1/cmr/m/n on input line 62.
LaTeX Font Info:    ... okay on input line 62.
LaTeX Font Info:    Checking defaults for OT1/cmr/m/n on input line 62.
LaTeX Font Info:    ... okay on input line 62.
LaTeX Font Info:    Checking defaults for OMS/cmsy/m/n on input line 62.
LaTeX Font Info:    ... okay on input line 62.
LaTeX Font Info:    Checking defaults for OMX/cmex/m/n on input line 62.
LaTeX Font Info:    ... okay on input line 62.
LaTeX Font Info:    Checking defaults for U/cmr/m/n on input line 62.
LaTeX Font Info:    ... okay on input line 62.
LaTeX Font Info:    Checking defaults for T2A/cmr/m/n on input line 62.
LaTeX Font Info:    ... okay on input line 62.
LaTeX Font Info:    Checking defaults for PD1/pdf/m/n on input line 62.
LaTeX Font Info:    ... okay on input line 62.
LaTeX Font Info:    Checking defaults for PU/pdf/m/n on input line 62.
LaTeX Font Info:    ... okay on input line 62.
 ABD: EveryShipout initializing macros
("C:\Program Files\MiKTeX 2.9\tex\context\base\supp-pdf.mkii"
[Loading MPS to PDF converter (version 2006.09.02).]
\scratchcounter=\count165
\scratchdimen=\dimen191
\scratchbox=\box45
\nofMPsegments=\count166
\nofMParguments=\count167
\everyMPshowfont=\toks46
\MPscratchCnt=\count168
\MPscratchDim=\dimen192
\MPnumerator=\count169
\makeMPintoPDFobject=\count170
\everyMPtoPDFconversion=\toks47
) ("C:\Program Files\MiKTeX 2.9\tex\latex\oberdiek\epstopdf-base.sty"
Package: epstopdf-base 2016/05/15 v2.6 Base part for package epstopdf

("C:\Program Files\MiKTeX 2.9\tex\latex\oberdiek\grfext.sty"
Package: grfext 2016/05/16 v1.2 Manage graphics extensions (HO)
)
Package epstopdf-base Info: Redefining graphics rule for `.eps' on input line 4
38.
Package grfext Info: Graphics extension search list:
(grfext)             [.pdf,.png,.jpg,.mps,.jpeg,.jbig2,.jb2,.PDF,.PNG,.JPG,.JPE
G,.JBIG2,.JB2,.eps]
(grfext)             \AppendGraphicsExtensions on input line 456.
)
Package pgfplots notification 'compat/show suggested version=true': you might b
enefit from \pgfplotsset{compat=1.15} (current compat level: 1.11).

("C:\Program Files\MiKTeX 2.9\tex\latex\ucs\ucsencs.def"
File: ucsencs.def 2011/01/21 Fixes to fontencodings LGR, T3
)
*geometry* driver: auto-detecting
*geometry* detected driver: pdftex
*geometry* verbose mode - [ preamble ] result:
* driver: pdftex
* paper: a4paper
* layout: <same size as paper>
* layoutoffset:(h,v)=(0.0pt,0.0pt)
* modes: 
* h-part:(L,W,R)=(56.9055pt, 483.69687pt, 56.9055pt)
* v-part:(T,H,B)=(56.9055pt, 731.23584pt, 56.9055pt)
* \paperwidth=597.50787pt
* \paperheight=845.04684pt
* \textwidth=483.69687pt
* \textheight=731.23584pt
* \oddsidemargin=-15.36449pt
* \evensidemargin=-15.36449pt
* \topmargin=-52.36449pt
* \headheight=12.0pt
* \headsep=25.0pt
* \topskip=12.0pt
* \footskip=30.0pt
* \marginparwidth=35.0pt
* \marginparsep=10.0pt
* \columnsep=10.0pt
* \skip\footins=10.8pt plus 4.0pt minus 2.0pt
* \hoffset=0.0pt
* \voffset=0.0pt
* \mag=1000
* \@twocolumnfalse
* \@twosidefalse
* \@mparswitchfalse
* \@reversemarginfalse
* (1in=72.27pt=25.4mm, 1cm=28.453pt)

\c@lstlisting=\count171
\AtBeginShipoutBox=\box46
Package hyperref Info: Link coloring OFF on input line 62.
("C:\Program Files\MiKTeX 2.9\tex\latex\hyperref\nameref.sty"
Package: nameref 2016/05/21 v2.44 Cross-referencing by name of section

("C:\Program Files\MiKTeX 2.9\tex\generic\oberdiek\gettitlestring.sty"
Package: gettitlestring 2016/05/16 v1.5 Cleanup title references (HO)
)
\c@section@level=\count172
)
LaTeX Info: Redefining \ref on input line 62.
LaTeX Info: Redefining \pageref on input line 62.
LaTeX Info: Redefining \nameref on input line 62.

(Report.out) (Report.out)
\@outlinefile=\write6
\openout6 = `Report.out'.

 ("C:\Program Files\MiKTeX 2.9\tex\latex\ucs\uni-4.def"
File: uni-4.def 2013/05/13 UCS: Unicode data U+0400..U+04FF
) ("C:\Program Files\MiKTeX 2.9\tex\latex\ucs\uni-33.def"
File: uni-33.def 2013/05/13 UCS: Unicode data U+2100..U+21FF
)
Package babel Info: Redefining russian shorthand "|
(babel)             in language  on input line 81.
Package babel Info: Redefining russian shorthand "~
(babel)             in language  on input line 81.
Package babel Info: Redefining russian shorthand "|
(babel)             in language  on input line 81.
Package babel Info: Redefining russian shorthand "~
(babel)             in language  on input line 81.
 [1

{C:/Users/nahod/AppData/Local/MiKTeX/2.9/pdftex/config/pdftex.map}] (Report.toc
<<ot1.cmap>><<oml.cmap>><<oms.cmap>><<omx.cmap>>
LaTeX Font Info:    Try loading font information for U+msa on input line 4.

("C:\Program Files\MiKTeX 2.9\tex\latex\amsfonts\umsa.fd"
File: umsa.fd 2013/01/14 v3.01 AMS symbols A
)
LaTeX Font Info:    Try loading font information for U+msb on input line 4.

("C:\Program Files\MiKTeX 2.9\tex\latex\amsfonts\umsb.fd"
File: umsb.fd 2013/01/14 v3.01 AMS symbols B
))
\tf@toc=\write7
\openout7 = `Report.toc'.

Package babel Info: Redefining russian shorthand "|
(babel)             in language  on input line 85.
Package babel Info: Redefining russian shorthand "~
(babel)             in language  on input line 85.
Package babel Info: Redefining russian shorthand "|
(babel)             in language  on input line 85.
Package babel Info: Redefining russian shorthand "~
(babel)             in language  on input line 85.
pdfTeX warning (ext4): destination with the same identifier (name{page.1}) has 
been already used, duplicate ignored
<to be read again> 
                   \relax 
l.85 \newpage
              [1]
Package babel Info: Redefining russian shorthand "|
(babel)             in language  on input line 106.
Package babel Info: Redefining russian shorthand "~
(babel)             in language  on input line 106.
Package babel Info: Redefining russian shorthand "|
(babel)             in language  on input line 111.
Package babel Info: Redefining russian shorthand "~
(babel)             in language  on input line 111.
Package babel Info: Redefining russian shorthand "|
(babel)             in language  on input line 113.
Package babel Info: Redefining russian shorthand "~
(babel)             in language  on input line 113.
Package babel Info: Redefining russian shorthand "|
(babel)             in language  on input line 116.
Package babel Info: Redefining russian shorthand "~
(babel)             in language  on input line 116.
Package babel Info: Redefining russian shorthand "|
(babel)             in language  on input line 124.
Package babel Info: Redefining russian shorthand "~
(babel)             in language  on input line 124.
<./Plots/GDClassifier_alpha.png, id=86, 1156.32pt x 505.89pt>
File: ./Plots/GDClassifier_alpha.png Graphic file (type png)
<use ./Plots/GDClassifier_alpha.png>
Package pdftex.def Info: ./Plots/GDClassifier_alpha.png  used on input line 128
. on input line 128.
Package pdftex.def Info: Requested size: 578.15858pt x 252.94437pt on input lin
e 128.

Overfull \hbox (54.39308pt too wide) in paragraph at lines 127--130
 []|  [] 
 []

Package babel Info: Redefining russian shorthand "|
(babel)             in language  on input line 133.
Package babel Info: Redefining russian shorthand "~
(babel)             in language  on input line 133.
Package babel Info: Redefining russian shorthand "|
(babel)             in language  on input line 133.
Package babel Info: Redefining russian shorthand "~
(babel)             in language  on input line 133.
[2]
<./Plots/GDClassifier_beta.png, id=103, 1156.32pt x 505.89pt>
File: ./Plots/GDClassifier_beta.png Graphic file (type png)
<use ./Plots/GDClassifier_beta.png>
Package pdftex.def Info: ./Plots/GDClassifier_beta.png  used on input line 136.
 on input line 136.
Package pdftex.def Info: Requested size: 578.15858pt x 252.94437pt on input lin
e 136.

Overfull \hbox (54.39308pt too wide) in paragraph at lines 135--138
 []|  [] 
 []

Package babel Info: Redefining russian shorthand "|
(babel)             in language  on input line 142.
Package babel Info: Redefining russian shorthand "~
(babel)             in language  on input line 142.
Package babel Info: Redefining russian shorthand "|
(babel)             in language  on input line 142.
Package babel Info: Redefining russian shorthand "~
(babel)             in language  on input line 142.
[3 <./Plots/GDClassifier_alpha.png> <./Plots/GDClassifier_beta.png>]
Package babel Info: Redefining russian shorthand "|
(babel)             in language  on input line 145.
Package babel Info: Redefining russian shorthand "~
(babel)             in language  on input line 145.
<./Plots/SGDClassifier_alpha.png, id=113, 1156.32pt x 505.89pt>
File: ./Plots/SGDClassifier_alpha.png Graphic file (type png)
<use ./Plots/SGDClassifier_alpha.png>
Package pdftex.def Info: ./Plots/SGDClassifier_alpha.png  used on input line 14
9. on input line 149.
Package pdftex.def Info: Requested size: 578.15858pt x 252.94437pt on input lin
e 149.

Overfull \hbox (54.39308pt too wide) in paragraph at lines 148--151
 []|  [] 
 []

<./Plots/SGDClassifier_beta.png, id=114, 1156.32pt x 505.89pt>
File: ./Plots/SGDClassifier_beta.png Graphic file (type png)
<use ./Plots/SGDClassifier_beta.png>
Package pdftex.def Info: ./Plots/SGDClassifier_beta.png  used on input line 157
. on input line 157.
Package pdftex.def Info: Requested size: 578.15858pt x 252.94437pt on input lin
e 157.

Overfull \hbox (54.39308pt too wide) in paragraph at lines 156--159
 []|  [] 
 []

Package babel Info: Redefining russian shorthand "|
(babel)             in language  on input line 162.
Package babel Info: Redefining russian shorthand "~
(babel)             in language  on input line 162.
Package babel Info: Redefining russian shorthand "|
(babel)             in language  on input line 162.
Package babel Info: Redefining russian shorthand "~
(babel)             in language  on input line 162.
[4 <./Plots/SGDClassifier_alpha.png>]
<./Plots/GD_vs_SGD.png, id=123, 1156.32pt x 433.62pt>
File: ./Plots/GD_vs_SGD.png Graphic file (type png)
<use ./Plots/GD_vs_SGD.png>
Package pdftex.def Info: ./Plots/GD_vs_SGD.png  used on input line 165. on inpu
t line 165.
Package pdftex.def Info: Requested size: 578.15858pt x 216.80946pt on input lin
e 165.

Overfull \hbox (54.39308pt too wide) in paragraph at lines 164--167
 []|  [] 
 []

<./Plots/SGDClassifier_batch_size.png, id=124, 1156.32pt x 1011.78pt>
File: ./Plots/SGDClassifier_batch_size.png Graphic file (type png)
<use ./Plots/SGDClassifier_batch_size.png>
Package pdftex.def Info: ./Plots/SGDClassifier_batch_size.png  used on input li
ne 175. on input line 175.
Package pdftex.def Info: Requested size: 578.15858pt x 505.88876pt on input lin
e 175.

Overfull \hbox (54.39308pt too wide) in paragraph at lines 174--177
 []|  [] 
 []

Package babel Info: Redefining russian shorthand "|
(babel)             in language  on input line 180.
Package babel Info: Redefining russian shorthand "~
(babel)             in language  on input line 180.
Package babel Info: Redefining russian shorthand "|
(babel)             in language  on input line 180.
Package babel Info: Redefining russian shorthand "~
(babel)             in language  on input line 180.
[5 <./Plots/SGDClassifier_beta.png> <./Plots/GD_vs_SGD.png>]
Package babel Info: Redefining russian shorthand "|
(babel)             in language  on input line 188.
Package babel Info: Redefining russian shorthand "~
(babel)             in language  on input line 188.
Package babel Info: Redefining russian shorthand "|
(babel)             in language  on input line 191.
Package babel Info: Redefining russian shorthand "~
(babel)             in language  on input line 191.
Package babel Info: Redefining russian shorthand "|
(babel)             in language  on input line 191.
Package babel Info: Redefining russian shorthand "~
(babel)             in language  on input line 191.
 [6 <./Plots/SGDClassifier_batch_size.png>]
Package babel Info: Redefining russian shorthand "|
(babel)             in language  on input line 194.
Package babel Info: Redefining russian shorthand "~
(babel)             in language  on input line 194.
Package babel Info: Redefining russian shorthand "|
(babel)             in language  on input line 197.
Package babel Info: Redefining russian shorthand "~
(babel)             in language  on input line 197.
Package babel Info: Redefining russian shorthand "|
(babel)             in language  on input line 209.
Package babel Info: Redefining russian shorthand "~
(babel)             in language  on input line 209.
Package babel Info: Redefining russian shorthand "|
(babel)             in language  on input line 234.
Package babel Info: Redefining russian shorthand "~
(babel)             in language  on input line 234.
Package babel Info: Redefining russian shorthand "|
(babel)             in language  on input line 234.
Package babel Info: Redefining russian shorthand "~
(babel)             in language  on input line 234.
 [7]
Package babel Info: Redefining russian shorthand "|
(babel)             in language  on input line 252.
Package babel Info: Redefining russian shorthand "~
(babel)             in language  on input line 252.
Package babel Info: Redefining russian shorthand "|
(babel)             in language  on input line 267.
Package babel Info: Redefining russian shorthand "~
(babel)             in language  on input line 267.
Package babel Info: Redefining russian shorthand "|
(babel)             in language  on input line 275.
Package babel Info: Redefining russian shorthand "~
(babel)             in language  on input line 275.
Package babel Info: Redefining russian shorthand "|
(babel)             in language  on input line 275.
Package babel Info: Redefining russian shorthand "~
(babel)             in language  on input line 275.
 [8]
Package atveryend Info: Empty hook `BeforeClearDocument' on input line 275.
Package atveryend Info: Empty hook `AfterLastShipout' on input line 275.
 (Report.aux)
Package atveryend Info: Executing hook `AtVeryEndDocument' on input line 275.
Package atveryend Info: Executing hook `AtEndAfterFileList' on input line 275.
Package rerunfilecheck Info: File `Report.out' has not changed.
(rerunfilecheck)             Checksum: A5CE5F424559B5E1A382DCE2203E66C6;2357.
 ) 
Here is how much of TeX's memory you used:
 34667 strings out of 493312
 753237 string characters out of 3138898
 928633 words of memory out of 3000000
 37584 multiletter control sequences out of 15000+200000
 18299 words of font info for 50 fonts, out of 3000000 for 9000
 1141 hyphenation exceptions out of 8191
 62i,10n,96p,1540b,683s stack positions out of 5000i,500n,10000p,200000b,50000s
{C:/Users/nahod/AppData/Roaming/MiKTeX/2.9/fonts/enc/dvips/cm-super/cm-super-
t2a.enc}<C:/Program Files/MiKTeX 2.9/fonts/type1/public/amsfonts/cm/cmex10.pfb>
<C:/Program Files/MiKTeX 2.9/fonts/type1/public/amsfonts/cm/cmmi12.pfb><C:/Prog
ram Files/MiKTeX 2.9/fonts/type1/public/amsfonts/cm/cmmi6.pfb><C:/Program Files
/MiKTeX 2.9/fonts/type1/public/amsfonts/cm/cmmi8.pfb><C:/Program Files/MiKTeX 2
.9/fonts/type1/public/amsfonts/cm/cmr12.pfb><C:/Program Files/MiKTeX 2.9/fonts/
type1/public/amsfonts/cm/cmr8.pfb><C:/Program Files/MiKTeX 2.9/fonts/type1/publ
ic/amsfonts/cm/cmsy10.pfb><C:/Program Files/MiKTeX 2.9/fonts/type1/public/amsfo
nts/cm/cmsy8.pfb><C:/Program Files/MiKTeX 2.9/fonts/type1/public/amsfonts/symbo
ls/msbm10.pfb><C:/Users/nahod/AppData/Roaming/MiKTeX/2.9/fonts/type1/public/cm-
super/sfbx1200.pfb><C:/Users/nahod/AppData/Roaming/MiKTeX/2.9/fonts/type1/publi
c/cm-super/sfbx1440.pfb><C:/Users/nahod/AppData/Roaming/MiKTeX/2.9/fonts/type1/
public/cm-super/sfbx1728.pfb><C:/Users/nahod/AppData/Roaming/MiKTeX/2.9/fonts/t
ype1/public/cm-super/sfcc1095.pfb><C:/Users/nahod/AppData/Roaming/MiKTeX/2.9/fo
nts/type1/public/cm-super/sfcc1728.pfb><C:/Users/nahod/AppData/Roaming/MiKTeX/2
.9/fonts/type1/public/cm-super/sfrm1095.pfb><C:/Users/nahod/AppData/Roaming/MiK
TeX/2.9/fonts/type1/public/cm-super/sfrm1200.pfb>
Output written on Report.pdf (9 pages, 1056143 bytes).
PDF statistics:
 223 PDF objects out of 1000 (max. 8388607)
 38 named destinations out of 1000 (max. 500000)
 159 words of extra memory for PDF output out of 10000 (max. 10000000)

